22/05/2024 18:55:21: Loading configurations...
22/05/2024 18:55:34: Starting...
22/05/2024 18:56:21: Fetching...
22/05/2024 18:56:25: 2 : https://x.com/elonmusk/status/1792778957529710727
22/05/2024 18:58:24: 3 : https://x.com/SpaceX/status/1792981845296160791
22/05/2024 19:08:29: Loading configurations...
22/05/2024 19:08:38: Starting...
22/05/2024 19:08:50: Fetching...
22/05/2024 19:08:54: 2 : https://x.com/BillGates/status/1791498737950552251
22/05/2024 19:15:25: Loading configurations...
22/05/2024 19:15:34: Starting...
22/05/2024 19:16:47: Fetching...
22/05/2024 19:16:51: 2 : https://x.com/elonmusk/status/1792778957529710727
22/05/2024 19:17:04: 3 : https://x.com/SpaceX/status/1792981845296160791
22/05/2024 19:17:05: 4 : https://x.com/elonmusk/status/1792778957529710727
22/05/2024 19:17:05: 5 : https://x.com/elonmusk/status/1792953914570019121
22/05/2024 19:17:06: 6 : https://x.com/Starlink/status/1792678386353213567
22/05/2024 19:17:06: 7 : https://x.com/KanekoaTheGreat/status/1792721502301012056
22/05/2024 19:17:07: 8 : https://x.com/elonmusk/status/1792699521237234091
22/05/2024 19:17:07: 9 : https://x.com/elonmusk/status/1792697418208956746
22/05/2024 19:17:08: 10 : https://x.com/elonmusk/status/1792690964672450971
22/05/2024 19:17:08: 11 : https://x.com/elonmusk/status/1792690117947314323
22/05/2024 19:17:08: Saving...
22/05/2024 19:17:28: Loading configurations...
22/05/2024 19:17:35: Starting...
22/05/2024 19:18:06: Fetching...
22/05/2024 19:18:09: 2 : https://x.com/lookonchain/status/1554457248315092992
22/05/2024 19:19:31: 3 : https://x.com/lookonchain/status/1793328040598180134
22/05/2024 19:19:31: 4 : https://x.com/lookonchain/status/1793313477744042237
22/05/2024 19:19:32: 5 : https://x.com/lookonchain/status/1793311062298964039
22/05/2024 19:19:32: 6 : https://x.com/lookonchain/status/1793303034296168746
22/05/2024 19:19:32: 7 : https://x.com/lookonchain/status/1793274920124002371
22/05/2024 19:19:33: 8 : https://x.com/lookonchain/status/1793195962271228398
22/05/2024 19:19:33: 9 : https://x.com/lookonchain/status/1793140373684113590
22/05/2024 19:19:33: 10 : https://x.com/lookonchain/status/1793133947691639067
22/05/2024 19:19:33: 11 : https://x.com/lookonchain/status/1793098936208740681
22/05/2024 19:19:34: 12 : https://x.com/lookonchain/status/1793098496863879476
22/05/2024 19:19:34: 13 : https://x.com/lookonchain/status/1792955892826349795
22/05/2024 19:19:34: 14 : https://x.com/lookonchain/status/1792947852291035458
22/05/2024 19:19:35: 15 : https://x.com/lookonchain/status/1792938846487036115
22/05/2024 19:19:35: 16 : https://x.com/lookonchain/status/1792933803759137035
22/05/2024 19:19:35: 17 : https://x.com/lookonchain/status/1792855599589494857
22/05/2024 19:19:35: 18 : https://x.com/lookonchain/status/1792830587449065606
22/05/2024 19:19:36: 19 : https://x.com/lookonchain/status/1792815954780672258
22/05/2024 19:19:36: 20 : https://x.com/lookonchain/status/1792751619580567886
22/05/2024 19:19:36: 21 : https://x.com/lookonchain/status/1792739516790579602
22/05/2024 19:19:38: 22 : https://x.com/lookonchain/status/1792592032222847321
22/05/2024 19:19:38: 23 : https://x.com/lookonchain/status/1792485113965760867
22/05/2024 19:19:39: 24 : https://x.com/lookonchain/status/1792421362986049785
22/05/2024 19:19:39: 25 : https://x.com/lookonchain/status/1792387744381141231
22/05/2024 19:19:39: 26 : https://x.com/lookonchain/status/1792374110875693551
22/05/2024 19:19:46: 27 : https://x.com/lookonchain/status/1792110430468632982
22/05/2024 19:19:46: 28 : https://x.com/lookonchain/status/1792102436662059171
22/05/2024 19:19:46: 29 : https://x.com/lookonchain/status/1792075974294876656
22/05/2024 19:19:47: 30 : https://x.com/lookonchain/status/1792065663747719308
22/05/2024 19:19:47: 31 : https://x.com/lookonchain/status/1792051859672477697
22/05/2024 19:19:47: Saving...
24/05/2024 10:01:15: Loading configurations...
24/05/2024 10:01:29: Starting...
25/05/2024 11:30:37: Loading configurations...
25/05/2024 11:30:50: Starting...
25/05/2024 11:32:35: Fetching...
25/05/2024 11:32:41: 2 : https://x.com/lookonchain/status/1554457248315092992
25/05/2024 11:32:41: 3 : https://x.com/lookonchain/status/1794304152904024107
25/05/2024 11:32:42: 4 : https://x.com/lookonchain/status/1794304155856871453
25/05/2024 11:32:42: 5 : https://x.com/lookonchain/status/1794231282454626615
25/05/2024 11:32:43: 6 : https://x.com/lookonchain/status/1794202899100426703
25/05/2024 11:32:43: 7 : https://x.com/lookonchain/status/1794065186179215611
25/05/2024 11:32:44: 8 : https://x.com/lookonchain/status/1794018716629565560
25/05/2024 11:32:44: 9 : https://x.com/lookonchain/status/1793987781641015598
25/05/2024 11:32:45: 10 : https://x.com/lookonchain/status/1793887863567941858
25/05/2024 11:32:45: 11 : https://x.com/lookonchain/status/1793889611179323845
25/05/2024 11:32:46: 12 : https://x.com/lookonchain/status/1793889183746150433
25/05/2024 11:32:46: 13 : https://x.com/lookonchain/status/1793851280131285336
25/05/2024 11:32:47: 14 : https://x.com/lookonchain/status/1793851293620183544
25/05/2024 11:32:47: 15 : https://x.com/lookonchain/status/1793851296526807292
25/05/2024 11:32:47: 16 : https://x.com/lookonchain/status/1793840122833854859
25/05/2024 11:32:48: 17 : https://x.com/lookonchain/status/1793656782017220663
25/05/2024 11:32:48: 18 : https://x.com/lookonchain/status/1793652076054237692
25/05/2024 11:32:48: 19 : https://x.com/lookonchain/status/1793648007415796185
25/05/2024 11:32:50: 20 : https://x.com/lookonchain/status/1793641981316579498
25/05/2024 11:32:51: 21 : https://x.com/lookonchain/status/1793636819311174070
25/05/2024 11:32:51: 22 : https://x.com/lookonchain/status/1793551397683916914
25/05/2024 11:32:52: 23 : https://x.com/lookonchain/status/1793551411114066008
25/05/2024 11:32:53: 24 : https://x.com/lookonchain/status/1793551414981243203
25/05/2024 11:32:53: 25 : https://x.com/lookonchain/status/1793475492005519450
25/05/2024 11:32:54: 26 : https://x.com/lookonchain/status/1793451884222824734
25/05/2024 11:32:54: 27 : https://x.com/lookonchain/status/1793328040598180134
25/05/2024 11:32:55: 28 : https://x.com/lookonchain/status/1793313477744042237
25/05/2024 11:32:55: 29 : https://x.com/lookonchain/status/1793311062298964039
25/05/2024 11:32:56: 30 : https://x.com/lookonchain/status/1793303034296168746
25/05/2024 11:32:56: 31 : https://x.com/lookonchain/status/1793274920124002371
25/05/2024 11:32:57: 32 : https://x.com/lookonchain/status/1793195962271228398
25/05/2024 11:32:57: 33 : https://x.com/lookonchain/status/1793140373684113590
25/05/2024 11:32:58: 34 : https://x.com/lookonchain/status/1793133947691639067
25/05/2024 11:32:58: 35 : https://x.com/lookonchain/status/1793098936208740681
25/05/2024 11:32:59: 36 : https://x.com/lookonchain/status/1793098496863879476
25/05/2024 11:33:01: 37 : https://x.com/lookonchain/status/1792955892826349795
25/05/2024 11:33:02: 38 : https://x.com/lookonchain/status/1792947852291035458
25/05/2024 11:33:02: 39 : https://x.com/lookonchain/status/1792938846487036115
25/05/2024 11:33:02: 40 : https://x.com/lookonchain/status/1792933803759137035
25/05/2024 11:33:03: 41 : https://x.com/lookonchain/status/1792855599589494857
25/05/2024 11:33:03: 42 : https://x.com/lookonchain/status/1792830587449065606
25/05/2024 11:33:04: 43 : https://x.com/lookonchain/status/1792815954780672258
25/05/2024 11:33:04: 44 : https://x.com/lookonchain/status/1792751619580567886
25/05/2024 11:33:05: 45 : https://x.com/lookonchain/status/1792739516790579602
25/05/2024 11:33:05: 46 : https://x.com/lookonchain/status/1792592032222847321
25/05/2024 11:33:06: 47 : https://x.com/lookonchain/status/1792485113965760867
25/05/2024 11:33:06: 48 : https://x.com/lookonchain/status/1792421362986049785
25/05/2024 11:33:07: 49 : https://x.com/lookonchain/status/1792387744381141231
25/05/2024 11:33:07: 50 : https://x.com/lookonchain/status/1792374110875693551
25/05/2024 11:33:08: 51 : https://x.com/lookonchain/status/1792110430468632982
25/05/2024 11:33:08: 52 : https://x.com/lookonchain/status/1792102436662059171
25/05/2024 11:33:09: 53 : https://x.com/lookonchain/status/1792075974294876656
25/05/2024 11:33:09: 54 : https://x.com/lookonchain/status/1792065663747719308
25/05/2024 11:33:09: 55 : https://x.com/lookonchain/status/1792051859672477697
25/05/2024 11:33:13: 56 : https://x.com/lookonchain/status/1791845923368366350
25/05/2024 11:33:13: 57 : https://x.com/lookonchain/status/1791719644073771418
25/05/2024 11:33:13: 58 : https://x.com/lookonchain/status/1791705093458513923
25/05/2024 11:33:14: 59 : https://x.com/lookonchain/status/1791705097925448116
25/05/2024 11:33:14: 60 : https://x.com/lookonchain/status/1791536425286144070
25/05/2024 11:33:15: 61 : https://x.com/lookonchain/status/1791522351164854383
25/05/2024 11:33:15: 62 : https://x.com/lookonchain/status/1791509008739921948
25/05/2024 11:33:16: 63 : https://x.com/lookonchain/status/1791373420846055720
25/05/2024 11:33:16: 64 : https://x.com/lookonchain/status/1791369248364953633
25/05/2024 11:33:17: 65 : https://x.com/lookonchain/status/1791369253045895421
25/05/2024 11:33:17: 66 : https://x.com/lookonchain/status/1791350139451478418
25/05/2024 11:33:18: 67 : https://x.com/lookonchain/status/1791312643376189657
25/05/2024 11:33:18: 68 : https://x.com/lookonchain/status/1791312660958732357
25/05/2024 11:33:19: 69 : https://x.com/lookonchain/status/1791312663437574474
25/05/2024 11:33:19: 70 : https://x.com/lookonchain/status/1791153562640318884
25/05/2024 11:33:19: 71 : https://x.com/lookonchain/status/1791147393532231975
25/05/2024 11:33:22: 72 : https://x.com/lookonchain/status/1791131027265728679
25/05/2024 11:33:22: 73 : https://x.com/lookonchain/status/1791124987304423908
25/05/2024 11:33:22: 74 : https://x.com/lookonchain/status/1791026638635118756
25/05/2024 11:33:23: 75 : https://x.com/lookonchain/status/1791024615407685999
25/05/2024 11:33:23: 76 : https://x.com/lookonchain/status/1790964647237226565
25/05/2024 11:33:24: 77 : https://x.com/lookonchain/status/1790945743559406075
25/05/2024 11:33:24: 78 : https://x.com/lookonchain/status/1790936573963604095
25/05/2024 11:33:25: 79 : https://x.com/lookonchain/status/1790798480203714729
25/05/2024 11:33:25: 80 : https://x.com/lookonchain/status/1790783870838972431
25/05/2024 11:33:26: 81 : https://x.com/lookonchain/status/1790767066695512505
25/05/2024 11:33:26: 82 : https://x.com/lookonchain/status/1790767092830286280
25/05/2024 11:33:27: 83 : https://x.com/lookonchain/status/1790767097280410047
25/05/2024 11:33:27: 84 : https://x.com/lookonchain/status/1790765554829234208
25/05/2024 11:33:28: 85 : https://x.com/lookonchain/status/1790758775915450382
25/05/2024 11:33:28: 86 : https://x.com/lookonchain/status/1790749871055761422
25/05/2024 11:33:28: 87 : https://x.com/lookonchain/status/1790730677710901391
25/05/2024 11:33:31: 88 : https://x.com/lookonchain/status/1790632009867591866
25/05/2024 11:33:31: 89 : https://x.com/lookonchain/status/1790591149142663658
25/05/2024 11:33:32: 90 : https://x.com/lookonchain/status/1790586640869830666
25/05/2024 11:33:32: 91 : https://x.com/lookonchain/status/1790441202271363159
25/05/2024 11:33:33: 92 : https://x.com/lookonchain/status/1790410610108424281
25/05/2024 11:33:33: 93 : https://x.com/lookonchain/status/1790405996940230819
25/05/2024 11:33:34: 94 : https://x.com/lookonchain/status/1790379470148477076
25/05/2024 11:33:36: 95 : https://x.com/lookonchain/status/1790298092534919532
25/05/2024 11:33:36: 96 : https://x.com/lookonchain/status/1790292840695926949
25/05/2024 11:33:37: 97 : https://x.com/lookonchain/status/1790270386959261918
25/05/2024 11:33:38: 98 : https://x.com/lookonchain/status/1790270420702433291
25/05/2024 11:33:38: 99 : https://x.com/lookonchain/status/1790270423843942689
25/05/2024 11:33:39: 100 : https://x.com/lookonchain/status/1790217081679696184
25/05/2024 11:33:42: 101 : https://x.com/lookonchain/status/1790080415685894188
25/05/2024 11:33:42: Saving...
